{"clientVersion":"6.11.1","level":"\u001b[31merror\u001b[39m","name":"PrismaClientValidationError","timestamp":"2025-07-05T15:59:43.919Z"}
{"clientVersion":"6.11.1","level":"\u001b[31merror\u001b[39m","name":"PrismaClientValidationError","timestamp":"2025-07-05T16:00:13.551Z"}
{"clientVersion":"6.11.1","level":"\u001b[31merror\u001b[39m","name":"PrismaClientValidationError","timestamp":"2025-07-05T16:05:14.827Z"}
{"clientVersion":"6.11.1","code":"P2022","level":"\u001b[31merror\u001b[39m","meta":{"column":"firstName","modelName":"User"},"name":"PrismaClientKnownRequestError","timestamp":"2025-07-05T16:06:59.540Z"}
{"clientVersion":"6.11.1","level":"\u001b[31merror\u001b[39m","name":"PrismaClientValidationError","timestamp":"2025-07-05T16:07:18.230Z"}
{"clientVersion":"6.11.1","code":"P2022","level":"\u001b[31merror\u001b[39m","meta":{"column":"firstName","modelName":"User"},"name":"PrismaClientKnownRequestError","timestamp":"2025-07-05T16:08:12.021Z"}
{"clientVersion":"6.11.1","code":"P2022","level":"\u001b[31merror\u001b[39m","meta":{"column":"firstName","modelName":"User"},"name":"PrismaClientKnownRequestError","timestamp":"2025-07-05T16:10:04.869Z"}
{"clientVersion":"6.11.1","code":"P2022","level":"\u001b[31merror\u001b[39m","meta":{"column":"firstName","modelName":"User"},"name":"PrismaClientKnownRequestError","timestamp":"2025-07-05T16:16:38.154Z"}
{"clientVersion":"6.11.1","level":"\u001b[31merror\u001b[39m","name":"PrismaClientValidationError","timestamp":"2025-07-05T16:17:10.044Z"}
{"clientVersion":"6.11.1","code":"P2021","level":"\u001b[31merror\u001b[39m","meta":{"modelName":"User","table":"public.User"},"name":"PrismaClientKnownRequestError","timestamp":"2025-07-05T16:23:52.532Z"}
{"clientVersion":"6.11.1","level":"\u001b[31merror\u001b[39m","name":"PrismaClientValidationError","timestamp":"2025-07-05T16:38:42.901Z"}
{"clientVersion":"6.11.1","code":"P2022","level":"\u001b[31merror\u001b[39m","meta":{"column":"User.username","modelName":"User"},"name":"PrismaClientKnownRequestError","timestamp":"2025-07-05T16:39:31.474Z"}
{"level":"\u001b[31merror\u001b[39m","timestamp":"2025-07-05T16:41:28.238Z"}
{"clientVersion":"6.11.1","level":"\u001b[31merror\u001b[39m","name":"PrismaClientValidationError","timestamp":"2025-07-05T17:10:27.035Z"}
{"clientVersion":"6.11.1","level":"\u001b[31merror\u001b[39m","name":"PrismaClientValidationError","timestamp":"2025-07-05T17:38:58.424Z"}
{"clientVersion":"6.11.1","level":"\u001b[31merror\u001b[39m","name":"PrismaClientValidationError","timestamp":"2025-07-05T17:39:23.996Z"}
{"clientVersion":"6.11.1","level":"\u001b[31merror\u001b[39m","name":"PrismaClientValidationError","timestamp":"2025-07-05T17:39:39.157Z"}
{"level":"\u001b[31merror\u001b[39m","timestamp":"2025-07-05T17:40:39.176Z"}
{"level":"\u001b[31merror\u001b[39m","timestamp":"2025-07-05T17:45:24.348Z"}
{"level":"\u001b[31merror\u001b[39m","timestamp":"2025-07-05T17:45:39.360Z"}
{"level":"\u001b[31merror\u001b[39m","timestamp":"2025-07-05T17:45:53.036Z"}
{"level":"\u001b[31merror\u001b[39m","timestamp":"2025-07-05T18:56:57.973Z"}
{"level":"\u001b[31merror\u001b[39m","timestamp":"2025-07-05T18:57:04.058Z"}
{"level":"\u001b[31merror\u001b[39m","timestamp":"2025-07-05T18:57:13.263Z"}
{"level":"\u001b[31merror\u001b[39m","timestamp":"2025-07-05T18:57:33.225Z"}
{"level":"\u001b[31merror\u001b[39m","timestamp":"2025-07-05T18:57:35.889Z"}
{"clientVersion":"6.11.1","level":"\u001b[31merror\u001b[39m","name":"PrismaClientValidationError","timestamp":"2025-07-05T19:16:11.667Z"}
{"clientVersion":"6.11.1","level":"\u001b[31merror\u001b[39m","name":"PrismaClientValidationError","timestamp":"2025-07-05T19:17:07.428Z"}
{"level":"\u001b[31merror\u001b[39m","timestamp":"2025-07-05T19:17:37.078Z"}
{"level":"\u001b[31merror\u001b[39m","timestamp":"2025-07-05T19:17:51.613Z"}
{"clientVersion":"6.11.1","level":"\u001b[31merror\u001b[39m","name":"PrismaClientValidationError","timestamp":"2025-07-05T19:24:03.678Z"}
{"level":"\u001b[31merror\u001b[39m","timestamp":"2025-07-05T20:13:31.640Z"}
{"level":"\u001b[31merror\u001b[39m","timestamp":"2025-07-05T20:28:19.435Z"}
{"level":"\u001b[31merror\u001b[39m","message":"Job 1 failed httpStatus is not defined","stack":"ReferenceError: httpStatus is not defined\n    at /home/bereket/Documents/workshop-booking-managment-system/backend/src/utils/utils.js:33:41\n    at /home/bereket/Documents/workshop-booking-managment-system/backend/node_modules/@babel/runtime/helpers/regeneratorRuntime.js:52:18\n    at Generator.<anonymous> (/home/bereket/Documents/workshop-booking-managment-system/backend/node_modules/@babel/runtime/helpers/regenerator.js:52:51)\n    at Generator.next (/home/bereket/Documents/workshop-booking-managment-system/backend/node_modules/@babel/runtime/helpers/regeneratorDefine.js:17:23)\n    at asyncGeneratorStep (/home/bereket/Documents/workshop-booking-managment-system/backend/node_modules/@babel/runtime/helpers/asyncToGenerator.js:3:17)\n    at _next (/home/bereket/Documents/workshop-booking-managment-system/backend/node_modules/@babel/runtime/helpers/asyncToGenerator.js:17:9)\n    at processTicksAndRejections (node:internal/process/task_queues:105:5)","timestamp":"2025-07-06T03:59:28.092Z"}
{"level":"\u001b[31merror\u001b[39m","message":"Job 1 failed httpStatus is not defined","stack":"ReferenceError: httpStatus is not defined\n    at /home/bereket/Documents/workshop-booking-managment-system/backend/src/utils/utils.js:33:41\n    at /home/bereket/Documents/workshop-booking-managment-system/backend/node_modules/@babel/runtime/helpers/regeneratorRuntime.js:52:18\n    at Generator.<anonymous> (/home/bereket/Documents/workshop-booking-managment-system/backend/node_modules/@babel/runtime/helpers/regenerator.js:52:51)\n    at Generator.next (/home/bereket/Documents/workshop-booking-managment-system/backend/node_modules/@babel/runtime/helpers/regeneratorDefine.js:17:23)\n    at asyncGeneratorStep (/home/bereket/Documents/workshop-booking-managment-system/backend/node_modules/@babel/runtime/helpers/asyncToGenerator.js:3:17)\n    at _next (/home/bereket/Documents/workshop-booking-managment-system/backend/node_modules/@babel/runtime/helpers/asyncToGenerator.js:17:9)\n    at processTicksAndRejections (node:internal/process/task_queues:105:5)","timestamp":"2025-07-06T03:59:30.434Z"}
{"level":"\u001b[31merror\u001b[39m","message":"Job 1 failed httpStatus is not defined","stack":"ReferenceError: httpStatus is not defined\n    at /home/bereket/Documents/workshop-booking-managment-system/backend/src/utils/utils.js:33:41\n    at /home/bereket/Documents/workshop-booking-managment-system/backend/node_modules/@babel/runtime/helpers/regeneratorRuntime.js:52:18\n    at Generator.<anonymous> (/home/bereket/Documents/workshop-booking-managment-system/backend/node_modules/@babel/runtime/helpers/regenerator.js:52:51)\n    at Generator.next (/home/bereket/Documents/workshop-booking-managment-system/backend/node_modules/@babel/runtime/helpers/regeneratorDefine.js:17:23)\n    at asyncGeneratorStep (/home/bereket/Documents/workshop-booking-managment-system/backend/node_modules/@babel/runtime/helpers/asyncToGenerator.js:3:17)\n    at _next (/home/bereket/Documents/workshop-booking-managment-system/backend/node_modules/@babel/runtime/helpers/asyncToGenerator.js:17:9)\n    at processTicksAndRejections (node:internal/process/task_queues:105:5)","timestamp":"2025-07-06T03:59:34.341Z"}
{"isPublic":true,"level":"\u001b[31merror\u001b[39m","message":"Job 2 failed No recipients defined","name":"ApiError","stack":"ApiError: No recipients defined\n    at /home/bereket/Documents/workshop-booking-managment-system/backend/src/utils/utils.js:34:13\n    at /home/bereket/Documents/workshop-booking-managment-system/backend/node_modules/@babel/runtime/helpers/regeneratorRuntime.js:52:18\n    at Generator.<anonymous> (/home/bereket/Documents/workshop-booking-managment-system/backend/node_modules/@babel/runtime/helpers/regenerator.js:52:51)\n    at Generator.throw (/home/bereket/Documents/workshop-booking-managment-system/backend/node_modules/@babel/runtime/helpers/regeneratorDefine.js:17:23)\n    at asyncGeneratorStep (/home/bereket/Documents/workshop-booking-managment-system/backend/node_modules/@babel/runtime/helpers/asyncToGenerator.js:3:17)\n    at _throw (/home/bereket/Documents/workshop-booking-managment-system/backend/node_modules/@babel/runtime/helpers/asyncToGenerator.js:20:9)\n    at processTicksAndRejections (node:internal/process/task_queues:105:5)","status":500,"timestamp":"2025-07-06T04:00:56.485Z"}
{"isPublic":true,"level":"\u001b[31merror\u001b[39m","message":"Job 2 failed No recipients defined","name":"ApiError","stack":"ApiError: No recipients defined\n    at /home/bereket/Documents/workshop-booking-managment-system/backend/src/utils/utils.js:34:13\n    at /home/bereket/Documents/workshop-booking-managment-system/backend/node_modules/@babel/runtime/helpers/regeneratorRuntime.js:52:18\n    at Generator.<anonymous> (/home/bereket/Documents/workshop-booking-managment-system/backend/node_modules/@babel/runtime/helpers/regenerator.js:52:51)\n    at Generator.throw (/home/bereket/Documents/workshop-booking-managment-system/backend/node_modules/@babel/runtime/helpers/regeneratorDefine.js:17:23)\n    at asyncGeneratorStep (/home/bereket/Documents/workshop-booking-managment-system/backend/node_modules/@babel/runtime/helpers/asyncToGenerator.js:3:17)\n    at _throw (/home/bereket/Documents/workshop-booking-managment-system/backend/node_modules/@babel/runtime/helpers/asyncToGenerator.js:20:9)\n    at processTicksAndRejections (node:internal/process/task_queues:105:5)","status":500,"timestamp":"2025-07-06T04:00:59.816Z"}
{"isPublic":true,"level":"\u001b[31merror\u001b[39m","message":"Job 2 failed No recipients defined","name":"ApiError","stack":"ApiError: No recipients defined\n    at /home/bereket/Documents/workshop-booking-managment-system/backend/src/utils/utils.js:34:13\n    at /home/bereket/Documents/workshop-booking-managment-system/backend/node_modules/@babel/runtime/helpers/regeneratorRuntime.js:52:18\n    at Generator.<anonymous> (/home/bereket/Documents/workshop-booking-managment-system/backend/node_modules/@babel/runtime/helpers/regenerator.js:52:51)\n    at Generator.throw (/home/bereket/Documents/workshop-booking-managment-system/backend/node_modules/@babel/runtime/helpers/regeneratorDefine.js:17:23)\n    at asyncGeneratorStep (/home/bereket/Documents/workshop-booking-managment-system/backend/node_modules/@babel/runtime/helpers/asyncToGenerator.js:3:17)\n    at _throw (/home/bereket/Documents/workshop-booking-managment-system/backend/node_modules/@babel/runtime/helpers/asyncToGenerator.js:20:9)\n    at processTicksAndRejections (node:internal/process/task_queues:105:5)","status":500,"timestamp":"2025-07-06T04:01:05.002Z"}
{"level":"\u001b[31merror\u001b[39m","timestamp":"2025-07-06T04:27:00.678Z"}
{"code":"ECONNRESET","errno":-104,"level":"\u001b[31merror\u001b[39m","message":"[Redis] Error: read ECONNRESET","stack":"Error: read ECONNRESET\n    at TCP.onStreamRead (node:internal/stream_base_commons:216:20)","syscall":"read","timestamp":"2025-07-06T10:30:21.114Z"}
{"code":"ETIMEDOUT","errorno":"ETIMEDOUT","level":"\u001b[31merror\u001b[39m","message":"[Redis] Error: connect ETIMEDOUT","stack":"Error: connect ETIMEDOUT\n    at Socket.<anonymous> (/home/bereket/Documents/workshop-booking-managment-system/backend/node_modules/ioredis/built/Redis.js:170:41)\n    at Object.onceWrapper (node:events:621:28)\n    at Socket.emit (node:events:507:28)\n    at Socket.emit (node:domain:489:12)\n    at Socket._onTimeout (node:net:609:8)\n    at listOnTimeout (node:internal/timers:611:17)\n    at processTimers (node:internal/timers:546:7)","syscall":"connect","timestamp":"2025-07-06T10:30:31.169Z"}
{"clientVersion":"6.11.1","level":"\u001b[31merror\u001b[39m","name":"PrismaClientValidationError","timestamp":"2025-07-06T15:01:17.770Z"}
{"clientVersion":"6.11.1","code":"P2003","level":"\u001b[31merror\u001b[39m","meta":{"constraint":"TimeSlot_workshopId_fkey","modelName":"TimeSlot"},"name":"PrismaClientKnownRequestError","timestamp":"2025-07-06T15:02:14.190Z"}
{"clientVersion":"6.11.1","level":"\u001b[31merror\u001b[39m","name":"PrismaClientValidationError","timestamp":"2025-07-06T15:37:40.982Z"}
{"clientVersion":"6.11.1","level":"\u001b[31merror\u001b[39m","name":"PrismaClientValidationError","timestamp":"2025-07-06T15:37:44.363Z"}
{"clientVersion":"6.11.1","level":"\u001b[31merror\u001b[39m","name":"PrismaClientValidationError","timestamp":"2025-07-06T15:37:56.953Z"}
{"clientVersion":"6.11.1","level":"\u001b[31merror\u001b[39m","name":"PrismaClientValidationError","timestamp":"2025-07-06T15:38:18.006Z"}
{"clientVersion":"6.11.1","level":"\u001b[31merror\u001b[39m","name":"PrismaClientValidationError","timestamp":"2025-07-06T15:38:34.502Z"}
{"clientVersion":"6.11.1","level":"\u001b[31merror\u001b[39m","name":"PrismaClientValidationError","timestamp":"2025-07-06T15:38:39.052Z"}
{"clientVersion":"6.11.1","level":"\u001b[31merror\u001b[39m","name":"PrismaClientValidationError","timestamp":"2025-07-06T15:38:41.332Z"}
{"clientVersion":"6.11.1","level":"\u001b[31merror\u001b[39m","name":"PrismaClientValidationError","timestamp":"2025-07-06T15:38:51.683Z"}
{"clientVersion":"6.11.1","level":"\u001b[31merror\u001b[39m","name":"PrismaClientValidationError","timestamp":"2025-07-06T15:39:10.071Z"}
{"clientVersion":"6.11.1","level":"\u001b[31merror\u001b[39m","name":"PrismaClientValidationError","timestamp":"2025-07-06T15:39:16.005Z"}
{"clientVersion":"6.11.1","level":"\u001b[31merror\u001b[39m","name":"PrismaClientValidationError","timestamp":"2025-07-06T15:39:29.535Z"}
{"clientVersion":"6.11.1","level":"\u001b[31merror\u001b[39m","name":"PrismaClientValidationError","timestamp":"2025-07-06T15:39:34.969Z"}
{"clientVersion":"6.11.1","level":"\u001b[31merror\u001b[39m","name":"PrismaClientValidationError","timestamp":"2025-07-06T15:39:39.536Z"}
{"clientVersion":"6.11.1","level":"\u001b[31merror\u001b[39m","name":"PrismaClientValidationError","timestamp":"2025-07-06T15:40:14.703Z"}
{"clientVersion":"6.11.1","level":"\u001b[31merror\u001b[39m","name":"PrismaClientValidationError","timestamp":"2025-07-06T15:40:18.243Z"}
{"clientVersion":"6.11.1","level":"\u001b[31merror\u001b[39m","name":"PrismaClientValidationError","timestamp":"2025-07-06T15:40:25.303Z"}
{"clientVersion":"6.11.1","level":"\u001b[31merror\u001b[39m","name":"PrismaClientValidationError","timestamp":"2025-07-06T15:40:32.805Z"}
{"clientVersion":"6.11.1","level":"\u001b[31merror\u001b[39m","name":"PrismaClientValidationError","timestamp":"2025-07-06T15:40:40.873Z"}
{"clientVersion":"6.11.1","level":"\u001b[31merror\u001b[39m","name":"PrismaClientValidationError","timestamp":"2025-07-06T15:40:42.426Z"}
{"clientVersion":"6.11.1","level":"\u001b[31merror\u001b[39m","name":"PrismaClientValidationError","timestamp":"2025-07-06T15:40:48.585Z"}
{"clientVersion":"6.11.1","level":"\u001b[31merror\u001b[39m","name":"PrismaClientValidationError","timestamp":"2025-07-06T15:40:51.232Z"}
{"clientVersion":"6.11.1","level":"\u001b[31merror\u001b[39m","name":"PrismaClientValidationError","timestamp":"2025-07-06T15:40:52.928Z"}
{"clientVersion":"6.11.1","level":"\u001b[31merror\u001b[39m","name":"PrismaClientValidationError","timestamp":"2025-07-06T15:41:02.207Z"}
{"clientVersion":"6.11.1","level":"\u001b[31merror\u001b[39m","name":"PrismaClientValidationError","timestamp":"2025-07-06T15:41:19.520Z"}
{"clientVersion":"6.11.1","level":"\u001b[31merror\u001b[39m","name":"PrismaClientValidationError","timestamp":"2025-07-06T15:41:25.591Z"}
{"level":"\u001b[31merror\u001b[39m","timestamp":"2025-07-06T17:33:35.574Z"}
{"clientVersion":"6.11.1","level":"\u001b[31merror\u001b[39m","name":"PrismaClientValidationError","timestamp":"2025-07-06T19:08:33.398Z"}
{"clientVersion":"6.11.1","level":"\u001b[31merror\u001b[39m","name":"PrismaClientValidationError","timestamp":"2025-07-06T19:08:49.391Z"}
{"clientVersion":"6.11.1","level":"\u001b[31merror\u001b[39m","name":"PrismaClientValidationError","timestamp":"2025-07-06T19:09:23.710Z"}
{"clientVersion":"6.11.1","level":"\u001b[31merror\u001b[39m","name":"PrismaClientValidationError","timestamp":"2025-07-06T19:09:53.660Z"}
{"clientVersion":"6.11.1","level":"\u001b[31merror\u001b[39m","name":"PrismaClientValidationError","timestamp":"2025-07-06T19:09:57.992Z"}
{"clientVersion":"6.11.1","level":"\u001b[31merror\u001b[39m","name":"PrismaClientValidationError","timestamp":"2025-07-06T19:10:28.603Z"}
{"clientVersion":"6.11.1","level":"\u001b[31merror\u001b[39m","name":"PrismaClientValidationError","timestamp":"2025-07-06T19:11:11.191Z"}
{"clientVersion":"6.11.1","level":"\u001b[31merror\u001b[39m","name":"PrismaClientValidationError","timestamp":"2025-07-06T19:11:48.554Z"}
{"clientVersion":"6.11.1","level":"\u001b[31merror\u001b[39m","name":"PrismaClientValidationError","timestamp":"2025-07-06T19:12:07.946Z"}
{"clientVersion":"6.11.1","level":"\u001b[31merror\u001b[39m","name":"PrismaClientValidationError","timestamp":"2025-07-06T19:14:52.692Z"}
{"code":"ETIMEDOUT","errorno":"ETIMEDOUT","level":"\u001b[31merror\u001b[39m","message":"[Redis] Error: connect ETIMEDOUT","stack":"Error: connect ETIMEDOUT\n    at Socket.<anonymous> (/home/bereket/Documents/workshop-booking-managment-system/backend/node_modules/ioredis/built/Redis.js:170:41)\n    at Object.onceWrapper (node:events:621:28)\n    at Socket.emit (node:events:507:28)\n    at Socket.emit (node:domain:489:12)\n    at Socket._onTimeout (node:net:609:8)\n    at listOnTimeout (node:internal/timers:611:17)\n    at processTimers (node:internal/timers:546:7)","syscall":"connect","timestamp":"2025-07-07T05:21:05.897Z"}
{"code":"ETIMEDOUT","errorno":"ETIMEDOUT","level":"\u001b[31merror\u001b[39m","message":"[Redis] Error: connect ETIMEDOUT","stack":"Error: connect ETIMEDOUT\n    at Socket.<anonymous> (/home/bereket/Documents/workshop-booking-managment-system/backend/node_modules/ioredis/built/Redis.js:170:41)\n    at Object.onceWrapper (node:events:621:28)\n    at Socket.emit (node:events:507:28)\n    at Socket.emit (node:domain:489:12)\n    at Socket._onTimeout (node:net:609:8)\n    at listOnTimeout (node:internal/timers:611:17)\n    at processTimers (node:internal/timers:546:7)","syscall":"connect","timestamp":"2025-07-07T05:21:15.964Z"}
{"code":"ETIMEDOUT","errorno":"ETIMEDOUT","level":"\u001b[31merror\u001b[39m","message":"[Redis] Error: connect ETIMEDOUT","stack":"Error: connect ETIMEDOUT\n    at Socket.<anonymous> (/home/bereket/Documents/workshop-booking-managment-system/backend/node_modules/ioredis/built/Redis.js:170:41)\n    at Object.onceWrapper (node:events:621:28)\n    at Socket.emit (node:events:507:28)\n    at Socket.emit (node:domain:489:12)\n    at Socket._onTimeout (node:net:609:8)\n    at listOnTimeout (node:internal/timers:611:17)\n    at processTimers (node:internal/timers:546:7)","syscall":"connect","timestamp":"2025-07-07T05:21:26.073Z"}
{"code":"ETIMEDOUT","errorno":"ETIMEDOUT","level":"\u001b[31merror\u001b[39m","message":"[Redis] Error: connect ETIMEDOUT","stack":"Error: connect ETIMEDOUT\n    at Socket.<anonymous> (/home/bereket/Documents/workshop-booking-managment-system/backend/node_modules/ioredis/built/Redis.js:170:41)\n    at Object.onceWrapper (node:events:621:28)\n    at Socket.emit (node:events:507:28)\n    at Socket.emit (node:domain:489:12)\n    at Socket._onTimeout (node:net:609:8)\n    at listOnTimeout (node:internal/timers:611:17)\n    at processTimers (node:internal/timers:546:7)","syscall":"connect","timestamp":"2025-07-07T05:21:36.229Z"}
{"code":"ETIMEDOUT","errorno":"ETIMEDOUT","level":"\u001b[31merror\u001b[39m","message":"[Redis] Error: connect ETIMEDOUT","stack":"Error: connect ETIMEDOUT\n    at Socket.<anonymous> (/home/bereket/Documents/workshop-booking-managment-system/backend/node_modules/ioredis/built/Redis.js:170:41)\n    at Object.onceWrapper (node:events:621:28)\n    at Socket.emit (node:events:507:28)\n    at Socket.emit (node:domain:489:12)\n    at Socket._onTimeout (node:net:609:8)\n    at listOnTimeout (node:internal/timers:611:17)\n    at processTimers (node:internal/timers:546:7)","syscall":"connect","timestamp":"2025-07-07T05:21:46.434Z"}
{"code":"EAI_AGAIN","errno":-3001,"hostname":"redis-13178.c277.us-east-1-3.ec2.redns.redis-cloud.com","level":"\u001b[31merror\u001b[39m","message":"[Redis] Error: getaddrinfo EAI_AGAIN redis-13178.c277.us-east-1-3.ec2.redns.redis-cloud.com","stack":"Error: getaddrinfo EAI_AGAIN redis-13178.c277.us-east-1-3.ec2.redns.redis-cloud.com\n    at GetAddrInfoReqWrap.onlookup [as oncomplete] (node:dns:111:26)","syscall":"getaddrinfo","timestamp":"2025-07-07T05:21:50.452Z"}
{"code":"EAI_AGAIN","errno":-3001,"hostname":"redis-13178.c277.us-east-1-3.ec2.redns.redis-cloud.com","level":"\u001b[31merror\u001b[39m","message":"[Redis] Error: getaddrinfo EAI_AGAIN redis-13178.c277.us-east-1-3.ec2.redns.redis-cloud.com","stack":"Error: getaddrinfo EAI_AGAIN redis-13178.c277.us-east-1-3.ec2.redns.redis-cloud.com\n    at GetAddrInfoReqWrap.onlookup [as oncomplete] (node:dns:111:26)","syscall":"getaddrinfo","timestamp":"2025-07-07T05:21:50.760Z"}
{"code":"EAI_AGAIN","errno":-3001,"hostname":"redis-13178.c277.us-east-1-3.ec2.redns.redis-cloud.com","level":"\u001b[31merror\u001b[39m","message":"[Redis] Error: getaddrinfo EAI_AGAIN redis-13178.c277.us-east-1-3.ec2.redns.redis-cloud.com","stack":"Error: getaddrinfo EAI_AGAIN redis-13178.c277.us-east-1-3.ec2.redns.redis-cloud.com\n    at GetAddrInfoReqWrap.onlookup [as oncomplete] (node:dns:111:26)","syscall":"getaddrinfo","timestamp":"2025-07-07T05:21:51.116Z"}
{"code":"EAI_AGAIN","errno":-3001,"hostname":"redis-13178.c277.us-east-1-3.ec2.redns.redis-cloud.com","level":"\u001b[31merror\u001b[39m","message":"[Redis] Error: getaddrinfo EAI_AGAIN redis-13178.c277.us-east-1-3.ec2.redns.redis-cloud.com","stack":"Error: getaddrinfo EAI_AGAIN redis-13178.c277.us-east-1-3.ec2.redns.redis-cloud.com\n    at GetAddrInfoReqWrap.onlookup [as oncomplete] (node:dns:111:26)","syscall":"getaddrinfo","timestamp":"2025-07-07T05:21:51.519Z"}
{"code":"EAI_AGAIN","errno":-3001,"hostname":"redis-13178.c277.us-east-1-3.ec2.redns.redis-cloud.com","level":"\u001b[31merror\u001b[39m","message":"[Redis] Error: getaddrinfo EAI_AGAIN redis-13178.c277.us-east-1-3.ec2.redns.redis-cloud.com","stack":"Error: getaddrinfo EAI_AGAIN redis-13178.c277.us-east-1-3.ec2.redns.redis-cloud.com\n    at GetAddrInfoReqWrap.onlookup [as oncomplete] (node:dns:111:26)","syscall":"getaddrinfo","timestamp":"2025-07-07T05:21:51.978Z"}
{"code":"EAI_AGAIN","errno":-3001,"hostname":"redis-13178.c277.us-east-1-3.ec2.redns.redis-cloud.com","level":"\u001b[31merror\u001b[39m","message":"[Redis] Error: getaddrinfo EAI_AGAIN redis-13178.c277.us-east-1-3.ec2.redns.redis-cloud.com","stack":"Error: getaddrinfo EAI_AGAIN redis-13178.c277.us-east-1-3.ec2.redns.redis-cloud.com\n    at GetAddrInfoReqWrap.onlookup [as oncomplete] (node:dns:111:26)","syscall":"getaddrinfo","timestamp":"2025-07-07T05:21:52.485Z"}
{"code":"EAI_AGAIN","errno":-3001,"hostname":"redis-13178.c277.us-east-1-3.ec2.redns.redis-cloud.com","level":"\u001b[31merror\u001b[39m","message":"[Redis] Error: getaddrinfo EAI_AGAIN redis-13178.c277.us-east-1-3.ec2.redns.redis-cloud.com","stack":"Error: getaddrinfo EAI_AGAIN redis-13178.c277.us-east-1-3.ec2.redns.redis-cloud.com\n    at GetAddrInfoReqWrap.onlookup [as oncomplete] (node:dns:111:26)","syscall":"getaddrinfo","timestamp":"2025-07-07T05:21:53.048Z"}
{"code":"EAI_AGAIN","errno":-3001,"hostname":"redis-13178.c277.us-east-1-3.ec2.redns.redis-cloud.com","level":"\u001b[31merror\u001b[39m","message":"[Redis] Error: getaddrinfo EAI_AGAIN redis-13178.c277.us-east-1-3.ec2.redns.redis-cloud.com","stack":"Error: getaddrinfo EAI_AGAIN redis-13178.c277.us-east-1-3.ec2.redns.redis-cloud.com\n    at GetAddrInfoReqWrap.onlookup [as oncomplete] (node:dns:111:26)","syscall":"getaddrinfo","timestamp":"2025-07-07T05:21:53.651Z"}
{"code":"EAI_AGAIN","errno":-3001,"hostname":"redis-13178.c277.us-east-1-3.ec2.redns.redis-cloud.com","level":"\u001b[31merror\u001b[39m","message":"[Redis] Error: getaddrinfo EAI_AGAIN redis-13178.c277.us-east-1-3.ec2.redns.redis-cloud.com","stack":"Error: getaddrinfo EAI_AGAIN redis-13178.c277.us-east-1-3.ec2.redns.redis-cloud.com\n    at GetAddrInfoReqWrap.onlookup [as oncomplete] (node:dns:111:26)","syscall":"getaddrinfo","timestamp":"2025-07-07T05:21:54.324Z"}
{"code":"EAI_AGAIN","errno":-3001,"hostname":"redis-13178.c277.us-east-1-3.ec2.redns.redis-cloud.com","level":"\u001b[31merror\u001b[39m","message":"[Redis] Error: getaddrinfo EAI_AGAIN redis-13178.c277.us-east-1-3.ec2.redns.redis-cloud.com","stack":"Error: getaddrinfo EAI_AGAIN redis-13178.c277.us-east-1-3.ec2.redns.redis-cloud.com\n    at GetAddrInfoReqWrap.onlookup [as oncomplete] (node:dns:111:26)","syscall":"getaddrinfo","timestamp":"2025-07-07T05:21:55.035Z"}
{"level":"\u001b[31merror\u001b[39m","timestamp":"2025-07-07T05:34:17.225Z"}
{"level":"\u001b[31merror\u001b[39m","timestamp":"2025-07-07T05:34:17.243Z"}
{"level":"\u001b[31merror\u001b[39m","timestamp":"2025-07-07T05:34:45.101Z"}
{"level":"\u001b[31merror\u001b[39m","timestamp":"2025-07-07T05:34:45.115Z"}
{"level":"\u001b[31merror\u001b[39m","timestamp":"2025-07-07T06:20:04.427Z"}
{"level":"\u001b[31merror\u001b[39m","timestamp":"2025-07-07T06:20:04.445Z"}
{"code":"ETIMEDOUT","errorno":"ETIMEDOUT","level":"\u001b[31merror\u001b[39m","message":"[Redis] Error: connect ETIMEDOUT","stack":"Error: connect ETIMEDOUT\n    at Socket.<anonymous> (/home/bereket/Documents/workshop-booking-managment-system/backend/node_modules/ioredis/built/Redis.js:170:41)\n    at Object.onceWrapper (node:events:621:28)\n    at Socket.emit (node:events:507:28)\n    at Socket.emit (node:domain:489:12)\n    at Socket._onTimeout (node:net:609:8)\n    at listOnTimeout (node:internal/timers:611:17)\n    at processTimers (node:internal/timers:546:7)","syscall":"connect","timestamp":"2025-07-07T06:40:34.534Z"}
{"clientVersion":"6.11.1","level":"\u001b[31merror\u001b[39m","name":"PrismaClientValidationError","timestamp":"2025-07-07T06:53:36.397Z"}
{"clientVersion":"6.11.1","level":"\u001b[31merror\u001b[39m","name":"PrismaClientValidationError","timestamp":"2025-07-07T06:53:36.422Z"}
{"code":"ECONNRESET","errno":-104,"level":"\u001b[31merror\u001b[39m","message":"[Redis] Error: read ECONNRESET","stack":"Error: read ECONNRESET\n    at TCP.onStreamRead (node:internal/stream_base_commons:216:20)","syscall":"read","timestamp":"2025-07-07T07:14:29.572Z"}
{"code":"ETIMEDOUT","errorno":"ETIMEDOUT","level":"\u001b[31merror\u001b[39m","message":"[Redis] Error: connect ETIMEDOUT","stack":"Error: connect ETIMEDOUT\n    at Socket.<anonymous> (/home/bereket/Documents/workshop-booking-managment-system/backend/node_modules/ioredis/built/Redis.js:170:41)\n    at Object.onceWrapper (node:events:621:28)\n    at Socket.emit (node:events:507:28)\n    at Socket.emit (node:domain:489:12)\n    at Socket._onTimeout (node:net:609:8)\n    at listOnTimeout (node:internal/timers:611:17)\n    at processTimers (node:internal/timers:546:7)","syscall":"connect","timestamp":"2025-07-07T07:14:39.626Z"}
{"code":"ETIMEDOUT","errorno":"ETIMEDOUT","level":"\u001b[31merror\u001b[39m","message":"[Redis] Error: connect ETIMEDOUT","stack":"Error: connect ETIMEDOUT\n    at Socket.<anonymous> (/home/bereket/Documents/workshop-booking-managment-system/backend/node_modules/ioredis/built/Redis.js:170:41)\n    at Object.onceWrapper (node:events:621:28)\n    at Socket.emit (node:events:507:28)\n    at Socket.emit (node:domain:489:12)\n    at Socket._onTimeout (node:net:609:8)\n    at listOnTimeout (node:internal/timers:611:17)\n    at processTimers (node:internal/timers:546:7)","syscall":"connect","timestamp":"2025-07-07T07:14:49.734Z"}
{"code":"ETIMEDOUT","errorno":"ETIMEDOUT","level":"\u001b[31merror\u001b[39m","message":"[Redis] Error: connect ETIMEDOUT","stack":"Error: connect ETIMEDOUT\n    at Socket.<anonymous> (/home/bereket/Documents/workshop-booking-managment-system/backend/node_modules/ioredis/built/Redis.js:170:41)\n    at Object.onceWrapper (node:events:621:28)\n    at Socket.emit (node:events:507:28)\n    at Socket.emit (node:domain:489:12)\n    at Socket._onTimeout (node:net:609:8)\n    at listOnTimeout (node:internal/timers:611:17)\n    at processTimers (node:internal/timers:546:7)","syscall":"connect","timestamp":"2025-07-07T07:14:59.895Z"}
{"code":"ETIMEDOUT","errorno":"ETIMEDOUT","level":"\u001b[31merror\u001b[39m","message":"[Redis] Error: connect ETIMEDOUT","stack":"Error: connect ETIMEDOUT\n    at Socket.<anonymous> (/home/bereket/Documents/workshop-booking-managment-system/backend/node_modules/ioredis/built/Redis.js:170:41)\n    at Object.onceWrapper (node:events:621:28)\n    at Socket.emit (node:events:507:28)\n    at Socket.emit (node:domain:489:12)\n    at Socket._onTimeout (node:net:609:8)\n    at listOnTimeout (node:internal/timers:611:17)\n    at processTimers (node:internal/timers:546:7)","syscall":"connect","timestamp":"2025-07-07T07:15:10.101Z"}
{"code":"ETIMEDOUT","errorno":"ETIMEDOUT","level":"\u001b[31merror\u001b[39m","message":"[Redis] Error: connect ETIMEDOUT","stack":"Error: connect ETIMEDOUT\n    at Socket.<anonymous> (/home/bereket/Documents/workshop-booking-managment-system/backend/node_modules/ioredis/built/Redis.js:170:41)\n    at Object.onceWrapper (node:events:621:28)\n    at Socket.emit (node:events:507:28)\n    at Socket.emit (node:domain:489:12)\n    at Socket._onTimeout (node:net:609:8)\n    at listOnTimeout (node:internal/timers:611:17)\n    at processTimers (node:internal/timers:546:7)","syscall":"connect","timestamp":"2025-07-07T07:15:20.359Z"}
{"code":"ETIMEDOUT","errorno":"ETIMEDOUT","level":"\u001b[31merror\u001b[39m","message":"[Redis] Error: connect ETIMEDOUT","stack":"Error: connect ETIMEDOUT\n    at Socket.<anonymous> (/home/bereket/Documents/workshop-booking-managment-system/backend/node_modules/ioredis/built/Redis.js:170:41)\n    at Object.onceWrapper (node:events:621:28)\n    at Socket.emit (node:events:507:28)\n    at Socket.emit (node:domain:489:12)\n    at Socket._onTimeout (node:net:609:8)\n    at listOnTimeout (node:internal/timers:611:17)\n    at processTimers (node:internal/timers:546:7)","syscall":"connect","timestamp":"2025-07-07T07:15:30.662Z"}
{"code":"ETIMEDOUT","errorno":"ETIMEDOUT","level":"\u001b[31merror\u001b[39m","message":"[Redis] Error: connect ETIMEDOUT","stack":"Error: connect ETIMEDOUT\n    at Socket.<anonymous> (/home/bereket/Documents/workshop-booking-managment-system/backend/node_modules/ioredis/built/Redis.js:170:41)\n    at Object.onceWrapper (node:events:621:28)\n    at Socket.emit (node:events:507:28)\n    at Socket.emit (node:domain:489:12)\n    at Socket._onTimeout (node:net:609:8)\n    at listOnTimeout (node:internal/timers:611:17)\n    at processTimers (node:internal/timers:546:7)","syscall":"connect","timestamp":"2025-07-07T07:15:45.296Z"}
{"code":"ETIMEDOUT","errorno":"ETIMEDOUT","level":"\u001b[31merror\u001b[39m","message":"[Redis] Error: connect ETIMEDOUT","stack":"Error: connect ETIMEDOUT\n    at Socket.<anonymous> (/home/bereket/Documents/workshop-booking-managment-system/backend/node_modules/ioredis/built/Redis.js:170:41)\n    at Object.onceWrapper (node:events:621:28)\n    at Socket.emit (node:events:507:28)\n    at Socket.emit (node:domain:489:12)\n    at Socket._onTimeout (node:net:609:8)\n    at listOnTimeout (node:internal/timers:611:17)\n    at processTimers (node:internal/timers:546:7)","syscall":"connect","timestamp":"2025-07-07T07:15:55.700Z"}
{"code":"ETIMEDOUT","errorno":"ETIMEDOUT","level":"\u001b[31merror\u001b[39m","message":"[Redis] Error: connect ETIMEDOUT","stack":"Error: connect ETIMEDOUT\n    at Socket.<anonymous> (/home/bereket/Documents/workshop-booking-managment-system/backend/node_modules/ioredis/built/Redis.js:170:41)\n    at Object.onceWrapper (node:events:621:28)\n    at Socket.emit (node:events:507:28)\n    at Socket.emit (node:domain:489:12)\n    at Socket._onTimeout (node:net:609:8)\n    at listOnTimeout (node:internal/timers:611:17)\n    at processTimers (node:internal/timers:546:7)","syscall":"connect","timestamp":"2025-07-07T07:16:06.157Z"}
{"address":"3.83.250.241","code":"ENETUNREACH","errno":-101,"level":"\u001b[31merror\u001b[39m","message":"[Redis] Error: connect ENETUNREACH 3.83.250.241:13178","port":13178,"stack":"Error: connect ENETUNREACH 3.83.250.241:13178\n    at TCPConnectWrap.afterConnect [as oncomplete] (node:net:1636:16)","syscall":"connect","timestamp":"2025-07-07T07:16:09.774Z"}
{"code":"ETIMEDOUT","errorno":"ETIMEDOUT","level":"\u001b[31merror\u001b[39m","message":"[Redis] Error: connect ETIMEDOUT","stack":"Error: connect ETIMEDOUT\n    at Socket.<anonymous> (/home/bereket/Documents/workshop-booking-managment-system/backend/node_modules/ioredis/built/Redis.js:170:41)\n    at Object.onceWrapper (node:events:621:28)\n    at Socket.emit (node:events:507:28)\n    at Socket.emit (node:domain:489:12)\n    at Socket._onTimeout (node:net:609:8)\n    at listOnTimeout (node:internal/timers:611:17)\n    at processTimers (node:internal/timers:546:7)","syscall":"connect","timestamp":"2025-07-07T07:16:20.332Z"}
{"clientVersion":"6.11.1","level":"\u001b[31merror\u001b[39m","name":"PrismaClientValidationError","timestamp":"2025-07-07T07:38:50.102Z"}
{"clientVersion":"6.11.1","level":"\u001b[31merror\u001b[39m","name":"PrismaClientValidationError","timestamp":"2025-07-07T07:39:49.849Z"}
{"code":"ETIMEDOUT","errorno":"ETIMEDOUT","level":"\u001b[31merror\u001b[39m","message":"[Redis] Error: connect ETIMEDOUT","stack":"Error: connect ETIMEDOUT\n    at Socket.<anonymous> (/home/bereket/Documents/workshop-booking-managment-system/backend/node_modules/ioredis/built/Redis.js:170:41)\n    at Object.onceWrapper (node:events:621:28)\n    at Socket.emit (node:events:507:28)\n    at Socket.emit (node:domain:489:12)\n    at Socket._onTimeout (node:net:609:8)\n    at listOnTimeout (node:internal/timers:611:17)\n    at processTimers (node:internal/timers:546:7)","syscall":"connect","timestamp":"2025-07-07T07:48:42.322Z"}
{"clientVersion":"6.11.1","level":"\u001b[31merror\u001b[39m","name":"PrismaClientValidationError","timestamp":"2025-07-07T08:00:05.401Z"}
{"clientVersion":"6.11.1","level":"\u001b[31merror\u001b[39m","name":"PrismaClientValidationError","timestamp":"2025-07-07T08:00:07.706Z"}
{"clientVersion":"6.11.1","level":"\u001b[31merror\u001b[39m","name":"PrismaClientValidationError","timestamp":"2025-07-07T08:00:24.086Z"}
{"clientVersion":"6.11.1","level":"\u001b[31merror\u001b[39m","name":"PrismaClientValidationError","timestamp":"2025-07-07T08:00:26.897Z"}
{"clientVersion":"6.11.1","level":"\u001b[31merror\u001b[39m","name":"PrismaClientValidationError","timestamp":"2025-07-07T08:00:28.289Z"}
{"clientVersion":"6.11.1","level":"\u001b[31merror\u001b[39m","name":"PrismaClientValidationError","timestamp":"2025-07-07T08:00:35.118Z"}
{"clientVersion":"6.11.1","level":"\u001b[31merror\u001b[39m","name":"PrismaClientValidationError","timestamp":"2025-07-07T08:01:07.330Z"}
{"clientVersion":"6.11.1","level":"\u001b[31merror\u001b[39m","name":"PrismaClientValidationError","timestamp":"2025-07-07T08:01:26.424Z"}
{"clientVersion":"6.11.1","level":"\u001b[31merror\u001b[39m","name":"PrismaClientValidationError","timestamp":"2025-07-07T08:01:26.429Z"}
{"clientVersion":"6.11.1","level":"\u001b[31merror\u001b[39m","name":"PrismaClientValidationError","timestamp":"2025-07-07T08:02:26.274Z"}
{"clientVersion":"6.11.1","level":"\u001b[31merror\u001b[39m","name":"PrismaClientValidationError","timestamp":"2025-07-07T08:02:26.279Z"}
{"code":"ETIMEDOUT","errorno":"ETIMEDOUT","level":"\u001b[31merror\u001b[39m","message":"[Redis] Error: connect ETIMEDOUT","stack":"Error: connect ETIMEDOUT\n    at Socket.<anonymous> (/home/bereket/Documents/workshop-booking-managment-system/backend/node_modules/ioredis/built/Redis.js:170:41)\n    at Object.onceWrapper (node:events:621:28)\n    at Socket.emit (node:events:507:28)\n    at Socket.emit (node:domain:489:12)\n    at Socket._onTimeout (node:net:609:8)\n    at listOnTimeout (node:internal/timers:611:17)\n    at processTimers (node:internal/timers:546:7)","syscall":"connect","timestamp":"2025-07-07T08:03:16.861Z"}
{"clientVersion":"6.11.1","level":"\u001b[31merror\u001b[39m","name":"PrismaClientValidationError","timestamp":"2025-07-07T08:03:20.114Z"}
{"clientVersion":"6.11.1","level":"\u001b[31merror\u001b[39m","name":"PrismaClientValidationError","timestamp":"2025-07-07T08:03:20.121Z"}
{"code":"ETIMEDOUT","errorno":"ETIMEDOUT","level":"\u001b[31merror\u001b[39m","message":"[Redis] Error: connect ETIMEDOUT","stack":"Error: connect ETIMEDOUT\n    at Socket.<anonymous> (/home/bereket/Documents/workshop-booking-managment-system/backend/node_modules/ioredis/built/Redis.js:170:41)\n    at Object.onceWrapper (node:events:621:28)\n    at Socket.emit (node:events:507:28)\n    at Socket.emit (node:domain:489:12)\n    at Socket._onTimeout (node:net:609:8)\n    at listOnTimeout (node:internal/timers:611:17)\n    at processTimers (node:internal/timers:546:7)","syscall":"connect","timestamp":"2025-07-07T08:03:26.914Z"}
{"clientVersion":"6.11.1","level":"\u001b[31merror\u001b[39m","name":"PrismaClientValidationError","timestamp":"2025-07-07T08:04:12.512Z"}
{"clientVersion":"6.11.1","level":"\u001b[31merror\u001b[39m","name":"PrismaClientValidationError","timestamp":"2025-07-07T08:04:12.520Z"}
{"clientVersion":"6.11.1","level":"\u001b[31merror\u001b[39m","name":"PrismaClientValidationError","timestamp":"2025-07-07T08:04:40.574Z"}
{"clientVersion":"6.11.1","level":"\u001b[31merror\u001b[39m","name":"PrismaClientValidationError","timestamp":"2025-07-07T08:05:21.249Z"}
{"clientVersion":"6.11.1","level":"\u001b[31merror\u001b[39m","name":"PrismaClientValidationError","timestamp":"2025-07-07T08:05:21.255Z"}
{"clientVersion":"6.11.1","level":"\u001b[31merror\u001b[39m","name":"PrismaClientValidationError","timestamp":"2025-07-07T08:11:40.158Z"}
{"clientVersion":"6.11.1","level":"\u001b[31merror\u001b[39m","name":"PrismaClientValidationError","timestamp":"2025-07-07T08:12:35.664Z"}
{"code":"ETIMEDOUT","errorno":"ETIMEDOUT","level":"\u001b[31merror\u001b[39m","message":"[Redis] Error: connect ETIMEDOUT","stack":"Error: connect ETIMEDOUT\n    at Socket.<anonymous> (/home/bereket/Documents/workshop-booking-managment-system/backend/node_modules/ioredis/built/Redis.js:170:41)\n    at Object.onceWrapper (node:events:621:28)\n    at Socket.emit (node:events:507:28)\n    at Socket.emit (node:domain:489:12)\n    at Socket._onTimeout (node:net:609:8)\n    at listOnTimeout (node:internal/timers:611:17)\n    at processTimers (node:internal/timers:546:7)","syscall":"connect","timestamp":"2025-07-07T08:15:38.404Z"}
{"clientVersion":"6.11.1","level":"\u001b[31merror\u001b[39m","name":"PrismaClientValidationError","timestamp":"2025-07-07T08:17:44.389Z"}
{"level":"\u001b[31merror\u001b[39m","timestamp":"2025-07-07T08:18:03.994Z"}
{"code":"ETIMEDOUT","errorno":"ETIMEDOUT","level":"\u001b[31merror\u001b[39m","message":"[Redis] Error: connect ETIMEDOUT","stack":"Error: connect ETIMEDOUT\n    at Socket.<anonymous> (/home/bereket/Documents/workshop-booking-managment-system/backend/node_modules/ioredis/built/Redis.js:170:41)\n    at Object.onceWrapper (node:events:621:28)\n    at Socket.emit (node:events:507:28)\n    at Socket.emit (node:domain:489:12)\n    at Socket._onTimeout (node:net:609:8)\n    at listOnTimeout (node:internal/timers:611:17)\n    at processTimers (node:internal/timers:546:7)","syscall":"connect","timestamp":"2025-07-07T08:19:07.606Z"}
{"level":"\u001b[31merror\u001b[39m","timestamp":"2025-07-07T08:19:13.331Z"}
{"clientVersion":"6.11.1","level":"\u001b[31merror\u001b[39m","name":"PrismaClientValidationError","timestamp":"2025-07-07T08:24:55.290Z"}
{"level":"\u001b[31merror\u001b[39m","timestamp":"2025-07-07T08:32:56.654Z"}
{"level":"\u001b[31merror\u001b[39m","timestamp":"2025-07-07T08:33:33.939Z"}
{"level":"\u001b[31merror\u001b[39m","timestamp":"2025-07-07T08:34:35.982Z"}
{"code":"ETIMEDOUT","errorno":"ETIMEDOUT","level":"\u001b[31merror\u001b[39m","message":"[Redis] Error: connect ETIMEDOUT","stack":"Error: connect ETIMEDOUT\n    at Socket.<anonymous> (/home/bereket/Documents/workshop-booking-managment-system/backend/node_modules/ioredis/built/Redis.js:170:41)\n    at Object.onceWrapper (node:events:621:28)\n    at Socket.emit (node:events:507:28)\n    at Socket.emit (node:domain:489:12)\n    at Socket._onTimeout (node:net:609:8)\n    at listOnTimeout (node:internal/timers:611:17)\n    at processTimers (node:internal/timers:546:7)","syscall":"connect","timestamp":"2025-07-07T08:45:04.678Z"}
{"code":"ETIMEDOUT","errorno":"ETIMEDOUT","level":"\u001b[31merror\u001b[39m","message":"[Redis] Error: connect ETIMEDOUT","stack":"Error: connect ETIMEDOUT\n    at Socket.<anonymous> (/home/bereket/Documents/workshop-booking-managment-system/backend/node_modules/ioredis/built/Redis.js:170:41)\n    at Object.onceWrapper (node:events:621:28)\n    at Socket.emit (node:events:507:28)\n    at Socket.emit (node:domain:489:12)\n    at Socket._onTimeout (node:net:609:8)\n    at listOnTimeout (node:internal/timers:611:17)\n    at processTimers (node:internal/timers:546:7)","syscall":"connect","timestamp":"2025-07-07T08:51:49.785Z"}
{"code":"ETIMEDOUT","errorno":"ETIMEDOUT","level":"\u001b[31merror\u001b[39m","message":"[Redis] Error: connect ETIMEDOUT","stack":"Error: connect ETIMEDOUT\n    at Socket.<anonymous> (/home/bereket/Documents/workshop-booking-managment-system/backend/node_modules/ioredis/built/Redis.js:170:41)\n    at Object.onceWrapper (node:events:621:28)\n    at Socket.emit (node:events:507:28)\n    at Socket.emit (node:domain:489:12)\n    at Socket._onTimeout (node:net:609:8)\n    at listOnTimeout (node:internal/timers:611:17)\n    at processTimers (node:internal/timers:546:7)","syscall":"connect","timestamp":"2025-07-07T08:58:29.976Z"}
{"code":"ETIMEDOUT","errorno":"ETIMEDOUT","level":"\u001b[31merror\u001b[39m","message":"[Redis] Error: connect ETIMEDOUT","stack":"Error: connect ETIMEDOUT\n    at Socket.<anonymous> (/home/bereket/Documents/workshop-booking-managment-system/backend/node_modules/ioredis/built/Redis.js:170:41)\n    at Object.onceWrapper (node:events:621:28)\n    at Socket.emit (node:events:507:28)\n    at Socket.emit (node:domain:489:12)\n    at Socket._onTimeout (node:net:609:8)\n    at listOnTimeout (node:internal/timers:611:17)\n    at processTimers (node:internal/timers:546:7)","syscall":"connect","timestamp":"2025-07-07T09:10:27.492Z"}
{"level":"\u001b[31merror\u001b[39m","timestamp":"2025-07-07T09:10:27.505Z"}
{"level":"\u001b[31merror\u001b[39m","timestamp":"2025-07-07T09:11:35.781Z"}
{"level":"\u001b[31merror\u001b[39m","timestamp":"2025-07-07T09:11:36.049Z"}
{"level":"\u001b[31merror\u001b[39m","timestamp":"2025-07-07T09:10:27.505Z"}
{"clientVersion":"6.11.1","level":"\u001b[31merror\u001b[39m","name":"PrismaClientValidationError","timestamp":"2025-07-07T09:20:15.212Z"}
{"clientVersion":"6.11.1","level":"\u001b[31merror\u001b[39m","name":"PrismaClientValidationError","timestamp":"2025-07-07T09:20:15.218Z"}
{"clientVersion":"6.11.1","level":"\u001b[31merror\u001b[39m","name":"PrismaClientInitializationError","timestamp":"2025-07-07T09:36:49.660Z"}
{"code":"ETIMEDOUT","errorno":"ETIMEDOUT","level":"\u001b[31merror\u001b[39m","message":"[Redis] Error: connect ETIMEDOUT","stack":"Error: connect ETIMEDOUT\n    at Socket.<anonymous> (/home/bereket/Documents/workshop-booking-managment-system/backend/node_modules/ioredis/built/Redis.js:170:41)\n    at Object.onceWrapper (node:events:621:28)\n    at Socket.emit (node:events:507:28)\n    at Socket.emit (node:domain:489:12)\n    at Socket._onTimeout (node:net:609:8)\n    at listOnTimeout (node:internal/timers:611:17)\n    at processTimers (node:internal/timers:546:7)","syscall":"connect","timestamp":"2025-07-07T09:36:52.040Z"}
